[2011-08-11 21:44:03] request.ERROR: Symfony\Component\HttpKernel\Exception\NotFoundHttpException: No route found for "GET /" (uncaught exception) at C:\xampp\htdocs\symfony\vendor\symfony\src\Symfony\Bundle\FrameworkBundle\EventListener\RouterListener.php line 88 [] []
[2011-08-12 10:19:14] request.ERROR: Symfony\Component\HttpKernel\Exception\NotFoundHttpException: No route found for "GET /" (uncaught exception) at C:\xampp\htdocs\symfony\vendor\symfony\src\Symfony\Bundle\FrameworkBundle\EventListener\RouterListener.php line 88 [] []
[2011-08-12 11:08:21] request.ERROR: Symfony\Component\HttpKernel\Exception\NotFoundHttpException: No route found for "GET /bundles/applicationblog/images/gravatar.jpg" (uncaught exception) at C:\xampp\htdocs\symfony\app\cache\prod\classes.php line 4533 [] []
[2011-08-12 11:08:22] request.ERROR: Symfony\Component\HttpKernel\Exception\NotFoundHttpException: No route found for "GET /bundles/applicationblog/css/screen.css" (uncaught exception) at C:\xampp\htdocs\symfony\app\cache\prod\classes.php line 4533 [] []
[2011-08-12 11:08:22] request.ERROR: Symfony\Component\HttpKernel\Exception\NotFoundHttpException: No route found for "GET /bundles/applicationblog/images/image.gif" (uncaught exception) at C:\xampp\htdocs\symfony\app\cache\prod\classes.php line 4533 [] []
[2011-08-12 11:08:22] request.ERROR: Symfony\Component\HttpKernel\Exception\NotFoundHttpException: No route found for "GET /bundles/applicationblog/images/thumb.jpg" (uncaught exception) at C:\xampp\htdocs\symfony\app\cache\prod\classes.php line 4533 [] []
[2011-08-12 11:08:22] request.ERROR: Symfony\Component\HttpKernel\Exception\NotFoundHttpException: No route found for "GET /bundles/applicationblog/images/search.gif" (uncaught exception) at C:\xampp\htdocs\symfony\app\cache\prod\classes.php line 4533 [] []
[2011-08-12 11:09:32] request.ERROR: Symfony\Component\HttpKernel\Exception\NotFoundHttpException: No route found for "GET /bundles/applicationblog/images/gravatar.jpg" (uncaught exception) at C:\xampp\htdocs\symfony\app\cache\prod\classes.php line 4533 [] []
[2011-08-12 11:09:33] request.ERROR: Symfony\Component\HttpKernel\Exception\NotFoundHttpException: No route found for "GET /bundles/applicationblog/images/image.gif" (uncaught exception) at C:\xampp\htdocs\symfony\app\cache\prod\classes.php line 4533 [] []
[2011-08-12 11:09:33] request.ERROR: Symfony\Component\HttpKernel\Exception\NotFoundHttpException: No route found for "GET /bundles/applicationblog/css/screen.css" (uncaught exception) at C:\xampp\htdocs\symfony\app\cache\prod\classes.php line 4533 [] []
[2011-08-12 11:09:33] request.ERROR: Symfony\Component\HttpKernel\Exception\NotFoundHttpException: No route found for "GET /bundles/applicationblog/images/search.gif" (uncaught exception) at C:\xampp\htdocs\symfony\app\cache\prod\classes.php line 4533 [] []
[2011-08-12 11:09:34] request.ERROR: Symfony\Component\HttpKernel\Exception\NotFoundHttpException: No route found for "GET /bundles/applicationblog/images/thumb.jpg" (uncaught exception) at C:\xampp\htdocs\symfony\app\cache\prod\classes.php line 4533 [] []
[2011-08-12 11:09:52] request.ERROR: Symfony\Component\HttpKernel\Exception\NotFoundHttpException: No route found for "GET /bundles/applicationblog/css/screen.css" (uncaught exception) at C:\xampp\htdocs\symfony\app\cache\prod\classes.php line 4533 [] []
[2011-08-12 11:09:52] request.ERROR: Symfony\Component\HttpKernel\Exception\NotFoundHttpException: No route found for "GET /bundles/applicationblog/images/search.gif" (uncaught exception) at C:\xampp\htdocs\symfony\app\cache\prod\classes.php line 4533 [] []
[2011-08-12 11:09:53] request.ERROR: Symfony\Component\HttpKernel\Exception\NotFoundHttpException: No route found for "GET /bundles/applicationblog/images/thumb.jpg" (uncaught exception) at C:\xampp\htdocs\symfony\app\cache\prod\classes.php line 4533 [] []
[2011-08-12 11:09:53] request.ERROR: Symfony\Component\HttpKernel\Exception\NotFoundHttpException: No route found for "GET /bundles/applicationblog/images/image.gif" (uncaught exception) at C:\xampp\htdocs\symfony\app\cache\prod\classes.php line 4533 [] []
[2011-08-12 11:09:53] request.ERROR: Symfony\Component\HttpKernel\Exception\NotFoundHttpException: No route found for "GET /bundles/applicationblog/images/gravatar.jpg" (uncaught exception) at C:\xampp\htdocs\symfony\app\cache\prod\classes.php line 4533 [] []
[2011-08-12 11:10:20] request.ERROR: Symfony\Component\HttpKernel\Exception\NotFoundHttpException: No route found for "GET /bundles/applicationblog/css/screen.css" (uncaught exception) at C:\xampp\htdocs\symfony\app\cache\prod\classes.php line 4533 [] []
[2011-08-12 11:10:20] request.ERROR: Symfony\Component\HttpKernel\Exception\NotFoundHttpException: No route found for "GET /bundles/applicationblog/images/search.gif" (uncaught exception) at C:\xampp\htdocs\symfony\app\cache\prod\classes.php line 4533 [] []
[2011-08-12 11:10:20] request.ERROR: Symfony\Component\HttpKernel\Exception\NotFoundHttpException: No route found for "GET /bundles/applicationblog/images/image.gif" (uncaught exception) at C:\xampp\htdocs\symfony\app\cache\prod\classes.php line 4533 [] []
[2011-08-12 11:10:21] request.ERROR: Symfony\Component\HttpKernel\Exception\NotFoundHttpException: No route found for "GET /bundles/applicationblog/images/gravatar.jpg" (uncaught exception) at C:\xampp\htdocs\symfony\app\cache\prod\classes.php line 4533 [] []
[2011-08-12 11:10:21] request.ERROR: Symfony\Component\HttpKernel\Exception\NotFoundHttpException: No route found for "GET /bundles/applicationblog/images/thumb.jpg" (uncaught exception) at C:\xampp\htdocs\symfony\app\cache\prod\classes.php line 4533 [] []
